find_executable: checking for pg_config... -------------------- yes

--------------------

find_header: checking for libpq-fe.h... -------------------- yes

"gcc -o conftest -I/tmp/d20201012-48-1yvahnn/opt/openproject/vendor/ruby-2.7.1/include/ruby-2.7.0/x86_64-linux -I/tmp/d20201012-48-1yvahnn/opt/openproject/vendor/ruby-2.7.1/include/ruby-2.7.0/ruby/backward -I/tmp/d20201012-48-1yvahnn/opt/openproject/vendor/ruby-2.7.1/include/ruby-2.7.0 -I. -I/usr/include/postgresql    -O3 -g -Wall -Wextra -Wdeprecated-declarations -Wduplicated-cond -Wimplicit-function-declaration -Wimplicit-int -Wmisleading-indentation -Wpointer-arith -Wwrite-strings -Wimplicit-fallthrough=0 -Wmissing-noreturn -Wno-cast-function-type -Wno-constant-logical-operand -Wno-long-long -Wno-missing-field-initializers -Wno-overlength-strings -Wno-packed-bitfield-compat -Wno-parentheses-equality -Wno-self-assign -Wno-tautological-compare -Wno-unused-parameter -Wno-unused-value -Wsuggest-attribute=format -Wsuggest-attribute=noreturn -Wunused-variable conftest.c  -L. -L/tmp/d20201012-48-1yvahnn/opt/openproject/vendor/ruby-2.7.1/lib -Wl,-rpath,/tmp/d20201012-48-1yvahnn/opt/openproject/vendor/ruby-2.7.1/lib -L/usr/lib/x86_64-linux-gnu -Wl,-rpath,/usr/lib/x86_64-linux-gnu -L. -fstack-protector-strong -rdynamic -Wl,-export-dynamic     -Wl,-rpath,/tmp/d20201012-48-1yvahnn/opt/openproject/vendor/ruby-2.7.1/lib -lruby-static -lz -lpthread -lrt -lrt -lgmp -ldl -lcrypt -lm   -lm   -lc"
checked program was:
/* begin */
1: #include "ruby.h"
2: 
3: int main(int argc, char **argv)
4: {
5:   return !!argv[argc];
6: }
/* end */

"gcc -E -I/tmp/d20201012-48-1yvahnn/opt/openproject/vendor/ruby-2.7.1/include/ruby-2.7.0/x86_64-linux -I/tmp/d20201012-48-1yvahnn/opt/openproject/vendor/ruby-2.7.1/include/ruby-2.7.0/ruby/backward -I/tmp/d20201012-48-1yvahnn/opt/openproject/vendor/ruby-2.7.1/include/ruby-2.7.0 -I. -I/usr/include/postgresql    -O3 -g -Wall -Wextra -Wdeprecated-declarations -Wduplicated-cond -Wimplicit-function-declaration -Wimplicit-int -Wmisleading-indentation -Wpointer-arith -Wwrite-strings -Wimplicit-fallthrough=0 -Wmissing-noreturn -Wno-cast-function-type -Wno-constant-logical-operand -Wno-long-long -Wno-missing-field-initializers -Wno-overlength-strings -Wno-packed-bitfield-compat -Wno-parentheses-equality -Wno-self-assign -Wno-tautological-compare -Wno-unused-parameter -Wno-unused-value -Wsuggest-attribute=format -Wsuggest-attribute=noreturn -Wunused-variable  conftest.c -o conftest.i"
checked program was:
/* begin */
1: #include "ruby.h"
2: 
3: #include <libpq-fe.h>
/* end */

--------------------

find_header: checking for libpq/libpq-fs.h... -------------------- yes

"gcc -E -I/tmp/d20201012-48-1yvahnn/opt/openproject/vendor/ruby-2.7.1/include/ruby-2.7.0/x86_64-linux -I/tmp/d20201012-48-1yvahnn/opt/openproject/vendor/ruby-2.7.1/include/ruby-2.7.0/ruby/backward -I/tmp/d20201012-48-1yvahnn/opt/openproject/vendor/ruby-2.7.1/include/ruby-2.7.0 -I. -I/usr/include/postgresql    -O3 -g -Wall -Wextra -Wdeprecated-declarations -Wduplicated-cond -Wimplicit-function-declaration -Wimplicit-int -Wmisleading-indentation -Wpointer-arith -Wwrite-strings -Wimplicit-fallthrough=0 -Wmissing-noreturn -Wno-cast-function-type -Wno-constant-logical-operand -Wno-long-long -Wno-missing-field-initializers -Wno-overlength-strings -Wno-packed-bitfield-compat -Wno-parentheses-equality -Wno-self-assign -Wno-tautological-compare -Wno-unused-parameter -Wno-unused-value -Wsuggest-attribute=format -Wsuggest-attribute=noreturn -Wunused-variable  conftest.c -o conftest.i"
checked program was:
/* begin */
1: #include "ruby.h"
2: 
3: #include <libpq/libpq-fs.h>
/* end */

--------------------

find_header: checking for pg_config_manual.h... -------------------- yes

"gcc -E -I/tmp/d20201012-48-1yvahnn/opt/openproject/vendor/ruby-2.7.1/include/ruby-2.7.0/x86_64-linux -I/tmp/d20201012-48-1yvahnn/opt/openproject/vendor/ruby-2.7.1/include/ruby-2.7.0/ruby/backward -I/tmp/d20201012-48-1yvahnn/opt/openproject/vendor/ruby-2.7.1/include/ruby-2.7.0 -I. -I/usr/include/postgresql    -O3 -g -Wall -Wextra -Wdeprecated-declarations -Wduplicated-cond -Wimplicit-function-declaration -Wimplicit-int -Wmisleading-indentation -Wpointer-arith -Wwrite-strings -Wimplicit-fallthrough=0 -Wmissing-noreturn -Wno-cast-function-type -Wno-constant-logical-operand -Wno-long-long -Wno-missing-field-initializers -Wno-overlength-strings -Wno-packed-bitfield-compat -Wno-parentheses-equality -Wno-self-assign -Wno-tautological-compare -Wno-unused-parameter -Wno-unused-value -Wsuggest-attribute=format -Wsuggest-attribute=noreturn -Wunused-variable  conftest.c -o conftest.i"
checked program was:
/* begin */
1: #include "ruby.h"
2: 
3: #include <pg_config_manual.h>
/* end */

--------------------

have_library: checking for PQconnectdb() in -lpq... -------------------- yes

"gcc -o conftest -I/tmp/d20201012-48-1yvahnn/opt/openproject/vendor/ruby-2.7.1/include/ruby-2.7.0/x86_64-linux -I/tmp/d20201012-48-1yvahnn/opt/openproject/vendor/ruby-2.7.1/include/ruby-2.7.0/ruby/backward -I/tmp/d20201012-48-1yvahnn/opt/openproject/vendor/ruby-2.7.1/include/ruby-2.7.0 -I. -I/usr/include/postgresql    -O3 -g -Wall -Wextra -Wdeprecated-declarations -Wduplicated-cond -Wimplicit-function-declaration -Wimplicit-int -Wmisleading-indentation -Wpointer-arith -Wwrite-strings -Wimplicit-fallthrough=0 -Wmissing-noreturn -Wno-cast-function-type -Wno-constant-logical-operand -Wno-long-long -Wno-missing-field-initializers -Wno-overlength-strings -Wno-packed-bitfield-compat -Wno-parentheses-equality -Wno-self-assign -Wno-tautological-compare -Wno-unused-parameter -Wno-unused-value -Wsuggest-attribute=format -Wsuggest-attribute=noreturn -Wunused-variable conftest.c  -L. -L/tmp/d20201012-48-1yvahnn/opt/openproject/vendor/ruby-2.7.1/lib -Wl,-rpath,/tmp/d20201012-48-1yvahnn/opt/openproject/vendor/ruby-2.7.1/lib -L/usr/lib/x86_64-linux-gnu -Wl,-rpath,/usr/lib/x86_64-linux-gnu -L. -fstack-protector-strong -rdynamic -Wl,-export-dynamic     -Wl,-rpath,/tmp/d20201012-48-1yvahnn/opt/openproject/vendor/ruby-2.7.1/lib -lruby-static -lz -lpthread -lrt -lrt -lgmp -ldl -lcrypt -lm  -lpq  -lm   -lc"
checked program was:
/* begin */
 1: #include "ruby.h"
 2: 
 3: #include <libpq-fe.h>
 4: 
 5: /*top*/
 6: extern int t(void);
 7: int main(int argc, char **argv)
 8: {
 9:   if (argc > 1000000) {
10:     int (* volatile tp)(void)=(int (*)(void))&t;
11:     printf("%d", (*tp)());
12:   }
13: 
14:   return !!argv[argc];
15: }
16: int t(void) { void ((*volatile p)()); p = (void ((*)()))PQconnectdb; return !p; }
/* end */

--------------------

have_func: checking for PQsetSingleRowMode()... -------------------- yes

"gcc -o conftest -I/tmp/d20201012-48-1yvahnn/opt/openproject/vendor/ruby-2.7.1/include/ruby-2.7.0/x86_64-linux -I/tmp/d20201012-48-1yvahnn/opt/openproject/vendor/ruby-2.7.1/include/ruby-2.7.0/ruby/backward -I/tmp/d20201012-48-1yvahnn/opt/openproject/vendor/ruby-2.7.1/include/ruby-2.7.0 -I. -I/usr/include/postgresql    -O3 -g -Wall -Wextra -Wdeprecated-declarations -Wduplicated-cond -Wimplicit-function-declaration -Wimplicit-int -Wmisleading-indentation -Wpointer-arith -Wwrite-strings -Wimplicit-fallthrough=0 -Wmissing-noreturn -Wno-cast-function-type -Wno-constant-logical-operand -Wno-long-long -Wno-missing-field-initializers -Wno-overlength-strings -Wno-packed-bitfield-compat -Wno-parentheses-equality -Wno-self-assign -Wno-tautological-compare -Wno-unused-parameter -Wno-unused-value -Wsuggest-attribute=format -Wsuggest-attribute=noreturn -Wunused-variable conftest.c  -L. -L/tmp/d20201012-48-1yvahnn/opt/openproject/vendor/ruby-2.7.1/lib -Wl,-rpath,/tmp/d20201012-48-1yvahnn/opt/openproject/vendor/ruby-2.7.1/lib -L/usr/lib/x86_64-linux-gnu -Wl,-rpath,/usr/lib/x86_64-linux-gnu -L. -fstack-protector-strong -rdynamic -Wl,-export-dynamic    -lpq  -Wl,-rpath,/tmp/d20201012-48-1yvahnn/opt/openproject/vendor/ruby-2.7.1/lib -lruby-static -lz -lpthread -lrt -lrt -lgmp -ldl -lcrypt -lm  -lpq  -lm   -lc"
conftest.c: In function ‘t’:
conftest.c:14:57: error: ‘PQsetSingleRowMode’ undeclared (first use in this function)
 int t(void) { void ((*volatile p)()); p = (void ((*)()))PQsetSingleRowMode; return !p; }
                                                         ^~~~~~~~~~~~~~~~~~
conftest.c:14:57: note: each undeclared identifier is reported only once for each function it appears in
conftest.c: At top level:
cc1: warning: unrecognized command line option ‘-Wno-self-assign’
cc1: warning: unrecognized command line option ‘-Wno-parentheses-equality’
cc1: warning: unrecognized command line option ‘-Wno-constant-logical-operand’
checked program was:
/* begin */
 1: #include "ruby.h"
 2: 
 3: /*top*/
 4: extern int t(void);
 5: int main(int argc, char **argv)
 6: {
 7:   if (argc > 1000000) {
 8:     int (* volatile tp)(void)=(int (*)(void))&t;
 9:     printf("%d", (*tp)());
10:   }
11: 
12:   return !!argv[argc];
13: }
14: int t(void) { void ((*volatile p)()); p = (void ((*)()))PQsetSingleRowMode; return !p; }
/* end */

"gcc -o conftest -I/tmp/d20201012-48-1yvahnn/opt/openproject/vendor/ruby-2.7.1/include/ruby-2.7.0/x86_64-linux -I/tmp/d20201012-48-1yvahnn/opt/openproject/vendor/ruby-2.7.1/include/ruby-2.7.0/ruby/backward -I/tmp/d20201012-48-1yvahnn/opt/openproject/vendor/ruby-2.7.1/include/ruby-2.7.0 -I. -I/usr/include/postgresql    -O3 -g -Wall -Wextra -Wdeprecated-declarations -Wduplicated-cond -Wimplicit-function-declaration -Wimplicit-int -Wmisleading-indentation -Wpointer-arith -Wwrite-strings -Wimplicit-fallthrough=0 -Wmissing-noreturn -Wno-cast-function-type -Wno-constant-logical-operand -Wno-long-long -Wno-missing-field-initializers -Wno-overlength-strings -Wno-packed-bitfield-compat -Wno-parentheses-equality -Wno-self-assign -Wno-tautological-compare -Wno-unused-parameter -Wno-unused-value -Wsuggest-attribute=format -Wsuggest-attribute=noreturn -Wunused-variable conftest.c  -L. -L/tmp/d20201012-48-1yvahnn/opt/openproject/vendor/ruby-2.7.1/lib -Wl,-rpath,/tmp/d20201012-48-1yvahnn/opt/openproject/vendor/ruby-2.7.1/lib -L/usr/lib/x86_64-linux-gnu -Wl,-rpath,/usr/lib/x86_64-linux-gnu -L. -fstack-protector-strong -rdynamic -Wl,-export-dynamic    -lpq  -Wl,-rpath,/tmp/d20201012-48-1yvahnn/opt/openproject/vendor/ruby-2.7.1/lib -lruby-static -lz -lpthread -lrt -lrt -lgmp -ldl -lcrypt -lm  -lpq  -lm   -lc"
checked program was:
/* begin */
 1: #include "ruby.h"
 2: 
 3: /*top*/
 4: extern int t(void);
 5: int main(int argc, char **argv)
 6: {
 7:   if (argc > 1000000) {
 8:     int (* volatile tp)(void)=(int (*)(void))&t;
 9:     printf("%d", (*tp)());
10:   }
11: 
12:   return !!argv[argc];
13: }
14: extern void PQsetSingleRowMode();
15: int t(void) { PQsetSingleRowMode(); return 0; }
/* end */

--------------------

have_func: checking for PQconninfo()... -------------------- yes

"gcc -o conftest -I/tmp/d20201012-48-1yvahnn/opt/openproject/vendor/ruby-2.7.1/include/ruby-2.7.0/x86_64-linux -I/tmp/d20201012-48-1yvahnn/opt/openproject/vendor/ruby-2.7.1/include/ruby-2.7.0/ruby/backward -I/tmp/d20201012-48-1yvahnn/opt/openproject/vendor/ruby-2.7.1/include/ruby-2.7.0 -I. -I/usr/include/postgresql    -O3 -g -Wall -Wextra -Wdeprecated-declarations -Wduplicated-cond -Wimplicit-function-declaration -Wimplicit-int -Wmisleading-indentation -Wpointer-arith -Wwrite-strings -Wimplicit-fallthrough=0 -Wmissing-noreturn -Wno-cast-function-type -Wno-constant-logical-operand -Wno-long-long -Wno-missing-field-initializers -Wno-overlength-strings -Wno-packed-bitfield-compat -Wno-parentheses-equality -Wno-self-assign -Wno-tautological-compare -Wno-unused-parameter -Wno-unused-value -Wsuggest-attribute=format -Wsuggest-attribute=noreturn -Wunused-variable conftest.c  -L. -L/tmp/d20201012-48-1yvahnn/opt/openproject/vendor/ruby-2.7.1/lib -Wl,-rpath,/tmp/d20201012-48-1yvahnn/opt/openproject/vendor/ruby-2.7.1/lib -L/usr/lib/x86_64-linux-gnu -Wl,-rpath,/usr/lib/x86_64-linux-gnu -L. -fstack-protector-strong -rdynamic -Wl,-export-dynamic    -lpq  -Wl,-rpath,/tmp/d20201012-48-1yvahnn/opt/openproject/vendor/ruby-2.7.1/lib -lruby-static -lz -lpthread -lrt -lrt -lgmp -ldl -lcrypt -lm  -lpq  -lm   -lc"
conftest.c: In function ‘t’:
conftest.c:14:57: error: ‘PQconninfo’ undeclared (first use in this function)
 int t(void) { void ((*volatile p)()); p = (void ((*)()))PQconninfo; return !p; }
                                                         ^~~~~~~~~~
conftest.c:14:57: note: each undeclared identifier is reported only once for each function it appears in
conftest.c: At top level:
cc1: warning: unrecognized command line option ‘-Wno-self-assign’
cc1: warning: unrecognized command line option ‘-Wno-parentheses-equality’
cc1: warning: unrecognized command line option ‘-Wno-constant-logical-operand’
checked program was:
/* begin */
 1: #include "ruby.h"
 2: 
 3: /*top*/
 4: extern int t(void);
 5: int main(int argc, char **argv)
 6: {
 7:   if (argc > 1000000) {
 8:     int (* volatile tp)(void)=(int (*)(void))&t;
 9:     printf("%d", (*tp)());
10:   }
11: 
12:   return !!argv[argc];
13: }
14: int t(void) { void ((*volatile p)()); p = (void ((*)()))PQconninfo; return !p; }
/* end */

"gcc -o conftest -I/tmp/d20201012-48-1yvahnn/opt/openproject/vendor/ruby-2.7.1/include/ruby-2.7.0/x86_64-linux -I/tmp/d20201012-48-1yvahnn/opt/openproject/vendor/ruby-2.7.1/include/ruby-2.7.0/ruby/backward -I/tmp/d20201012-48-1yvahnn/opt/openproject/vendor/ruby-2.7.1/include/ruby-2.7.0 -I. -I/usr/include/postgresql    -O3 -g -Wall -Wextra -Wdeprecated-declarations -Wduplicated-cond -Wimplicit-function-declaration -Wimplicit-int -Wmisleading-indentation -Wpointer-arith -Wwrite-strings -Wimplicit-fallthrough=0 -Wmissing-noreturn -Wno-cast-function-type -Wno-constant-logical-operand -Wno-long-long -Wno-missing-field-initializers -Wno-overlength-strings -Wno-packed-bitfield-compat -Wno-parentheses-equality -Wno-self-assign -Wno-tautological-compare -Wno-unused-parameter -Wno-unused-value -Wsuggest-attribute=format -Wsuggest-attribute=noreturn -Wunused-variable conftest.c  -L. -L/tmp/d20201012-48-1yvahnn/opt/openproject/vendor/ruby-2.7.1/lib -Wl,-rpath,/tmp/d20201012-48-1yvahnn/opt/openproject/vendor/ruby-2.7.1/lib -L/usr/lib/x86_64-linux-gnu -Wl,-rpath,/usr/lib/x86_64-linux-gnu -L. -fstack-protector-strong -rdynamic -Wl,-export-dynamic    -lpq  -Wl,-rpath,/tmp/d20201012-48-1yvahnn/opt/openproject/vendor/ruby-2.7.1/lib -lruby-static -lz -lpthread -lrt -lrt -lgmp -ldl -lcrypt -lm  -lpq  -lm   -lc"
checked program was:
/* begin */
 1: #include "ruby.h"
 2: 
 3: /*top*/
 4: extern int t(void);
 5: int main(int argc, char **argv)
 6: {
 7:   if (argc > 1000000) {
 8:     int (* volatile tp)(void)=(int (*)(void))&t;
 9:     printf("%d", (*tp)());
10:   }
11: 
12:   return !!argv[argc];
13: }
14: extern void PQconninfo();
15: int t(void) { PQconninfo(); return 0; }
/* end */

--------------------

have_func: checking for PQsslAttribute()... -------------------- yes

"gcc -o conftest -I/tmp/d20201012-48-1yvahnn/opt/openproject/vendor/ruby-2.7.1/include/ruby-2.7.0/x86_64-linux -I/tmp/d20201012-48-1yvahnn/opt/openproject/vendor/ruby-2.7.1/include/ruby-2.7.0/ruby/backward -I/tmp/d20201012-48-1yvahnn/opt/openproject/vendor/ruby-2.7.1/include/ruby-2.7.0 -I. -I/usr/include/postgresql    -O3 -g -Wall -Wextra -Wdeprecated-declarations -Wduplicated-cond -Wimplicit-function-declaration -Wimplicit-int -Wmisleading-indentation -Wpointer-arith -Wwrite-strings -Wimplicit-fallthrough=0 -Wmissing-noreturn -Wno-cast-function-type -Wno-constant-logical-operand -Wno-long-long -Wno-missing-field-initializers -Wno-overlength-strings -Wno-packed-bitfield-compat -Wno-parentheses-equality -Wno-self-assign -Wno-tautological-compare -Wno-unused-parameter -Wno-unused-value -Wsuggest-attribute=format -Wsuggest-attribute=noreturn -Wunused-variable conftest.c  -L. -L/tmp/d20201012-48-1yvahnn/opt/openproject/vendor/ruby-2.7.1/lib -Wl,-rpath,/tmp/d20201012-48-1yvahnn/opt/openproject/vendor/ruby-2.7.1/lib -L/usr/lib/x86_64-linux-gnu -Wl,-rpath,/usr/lib/x86_64-linux-gnu -L. -fstack-protector-strong -rdynamic -Wl,-export-dynamic    -lpq  -Wl,-rpath,/tmp/d20201012-48-1yvahnn/opt/openproject/vendor/ruby-2.7.1/lib -lruby-static -lz -lpthread -lrt -lrt -lgmp -ldl -lcrypt -lm  -lpq  -lm   -lc"
conftest.c: In function ‘t’:
conftest.c:14:57: error: ‘PQsslAttribute’ undeclared (first use in this function); did you mean ‘__has_attribute’?
 int t(void) { void ((*volatile p)()); p = (void ((*)()))PQsslAttribute; return !p; }
                                                         ^~~~~~~~~~~~~~
                                                         __has_attribute
conftest.c:14:57: note: each undeclared identifier is reported only once for each function it appears in
conftest.c: At top level:
cc1: warning: unrecognized command line option ‘-Wno-self-assign’
cc1: warning: unrecognized command line option ‘-Wno-parentheses-equality’
cc1: warning: unrecognized command line option ‘-Wno-constant-logical-operand’
checked program was:
/* begin */
 1: #include "ruby.h"
 2: 
 3: /*top*/
 4: extern int t(void);
 5: int main(int argc, char **argv)
 6: {
 7:   if (argc > 1000000) {
 8:     int (* volatile tp)(void)=(int (*)(void))&t;
 9:     printf("%d", (*tp)());
10:   }
11: 
12:   return !!argv[argc];
13: }
14: int t(void) { void ((*volatile p)()); p = (void ((*)()))PQsslAttribute; return !p; }
/* end */

"gcc -o conftest -I/tmp/d20201012-48-1yvahnn/opt/openproject/vendor/ruby-2.7.1/include/ruby-2.7.0/x86_64-linux -I/tmp/d20201012-48-1yvahnn/opt/openproject/vendor/ruby-2.7.1/include/ruby-2.7.0/ruby/backward -I/tmp/d20201012-48-1yvahnn/opt/openproject/vendor/ruby-2.7.1/include/ruby-2.7.0 -I. -I/usr/include/postgresql    -O3 -g -Wall -Wextra -Wdeprecated-declarations -Wduplicated-cond -Wimplicit-function-declaration -Wimplicit-int -Wmisleading-indentation -Wpointer-arith -Wwrite-strings -Wimplicit-fallthrough=0 -Wmissing-noreturn -Wno-cast-function-type -Wno-constant-logical-operand -Wno-long-long -Wno-missing-field-initializers -Wno-overlength-strings -Wno-packed-bitfield-compat -Wno-parentheses-equality -Wno-self-assign -Wno-tautological-compare -Wno-unused-parameter -Wno-unused-value -Wsuggest-attribute=format -Wsuggest-attribute=noreturn -Wunused-variable conftest.c  -L. -L/tmp/d20201012-48-1yvahnn/opt/openproject/vendor/ruby-2.7.1/lib -Wl,-rpath,/tmp/d20201012-48-1yvahnn/opt/openproject/vendor/ruby-2.7.1/lib -L/usr/lib/x86_64-linux-gnu -Wl,-rpath,/usr/lib/x86_64-linux-gnu -L. -fstack-protector-strong -rdynamic -Wl,-export-dynamic    -lpq  -Wl,-rpath,/tmp/d20201012-48-1yvahnn/opt/openproject/vendor/ruby-2.7.1/lib -lruby-static -lz -lpthread -lrt -lrt -lgmp -ldl -lcrypt -lm  -lpq  -lm   -lc"
checked program was:
/* begin */
 1: #include "ruby.h"
 2: 
 3: /*top*/
 4: extern int t(void);
 5: int main(int argc, char **argv)
 6: {
 7:   if (argc > 1000000) {
 8:     int (* volatile tp)(void)=(int (*)(void))&t;
 9:     printf("%d", (*tp)());
10:   }
11: 
12:   return !!argv[argc];
13: }
14: extern void PQsslAttribute();
15: int t(void) { PQsslAttribute(); return 0; }
/* end */

--------------------

have_func: checking for PQresultVerboseErrorMessage()... -------------------- yes

"gcc -o conftest -I/tmp/d20201012-48-1yvahnn/opt/openproject/vendor/ruby-2.7.1/include/ruby-2.7.0/x86_64-linux -I/tmp/d20201012-48-1yvahnn/opt/openproject/vendor/ruby-2.7.1/include/ruby-2.7.0/ruby/backward -I/tmp/d20201012-48-1yvahnn/opt/openproject/vendor/ruby-2.7.1/include/ruby-2.7.0 -I. -I/usr/include/postgresql    -O3 -g -Wall -Wextra -Wdeprecated-declarations -Wduplicated-cond -Wimplicit-function-declaration -Wimplicit-int -Wmisleading-indentation -Wpointer-arith -Wwrite-strings -Wimplicit-fallthrough=0 -Wmissing-noreturn -Wno-cast-function-type -Wno-constant-logical-operand -Wno-long-long -Wno-missing-field-initializers -Wno-overlength-strings -Wno-packed-bitfield-compat -Wno-parentheses-equality -Wno-self-assign -Wno-tautological-compare -Wno-unused-parameter -Wno-unused-value -Wsuggest-attribute=format -Wsuggest-attribute=noreturn -Wunused-variable conftest.c  -L. -L/tmp/d20201012-48-1yvahnn/opt/openproject/vendor/ruby-2.7.1/lib -Wl,-rpath,/tmp/d20201012-48-1yvahnn/opt/openproject/vendor/ruby-2.7.1/lib -L/usr/lib/x86_64-linux-gnu -Wl,-rpath,/usr/lib/x86_64-linux-gnu -L. -fstack-protector-strong -rdynamic -Wl,-export-dynamic    -lpq  -Wl,-rpath,/tmp/d20201012-48-1yvahnn/opt/openproject/vendor/ruby-2.7.1/lib -lruby-static -lz -lpthread -lrt -lrt -lgmp -ldl -lcrypt -lm  -lpq  -lm   -lc"
conftest.c: In function ‘t’:
conftest.c:14:57: error: ‘PQresultVerboseErrorMessage’ undeclared (first use in this function)
 int t(void) { void ((*volatile p)()); p = (void ((*)()))PQresultVerboseErrorMessage; return !p; }
                                                         ^~~~~~~~~~~~~~~~~~~~~~~~~~~
conftest.c:14:57: note: each undeclared identifier is reported only once for each function it appears in
conftest.c: At top level:
cc1: warning: unrecognized command line option ‘-Wno-self-assign’
cc1: warning: unrecognized command line option ‘-Wno-parentheses-equality’
cc1: warning: unrecognized command line option ‘-Wno-constant-logical-operand’
checked program was:
/* begin */
 1: #include "ruby.h"
 2: 
 3: /*top*/
 4: extern int t(void);
 5: int main(int argc, char **argv)
 6: {
 7:   if (argc > 1000000) {
 8:     int (* volatile tp)(void)=(int (*)(void))&t;
 9:     printf("%d", (*tp)());
10:   }
11: 
12:   return !!argv[argc];
13: }
14: int t(void) { void ((*volatile p)()); p = (void ((*)()))PQresultVerboseErrorMessage; return !p; }
/* end */

"gcc -o conftest -I/tmp/d20201012-48-1yvahnn/opt/openproject/vendor/ruby-2.7.1/include/ruby-2.7.0/x86_64-linux -I/tmp/d20201012-48-1yvahnn/opt/openproject/vendor/ruby-2.7.1/include/ruby-2.7.0/ruby/backward -I/tmp/d20201012-48-1yvahnn/opt/openproject/vendor/ruby-2.7.1/include/ruby-2.7.0 -I. -I/usr/include/postgresql    -O3 -g -Wall -Wextra -Wdeprecated-declarations -Wduplicated-cond -Wimplicit-function-declaration -Wimplicit-int -Wmisleading-indentation -Wpointer-arith -Wwrite-strings -Wimplicit-fallthrough=0 -Wmissing-noreturn -Wno-cast-function-type -Wno-constant-logical-operand -Wno-long-long -Wno-missing-field-initializers -Wno-overlength-strings -Wno-packed-bitfield-compat -Wno-parentheses-equality -Wno-self-assign -Wno-tautological-compare -Wno-unused-parameter -Wno-unused-value -Wsuggest-attribute=format -Wsuggest-attribute=noreturn -Wunused-variable conftest.c  -L. -L/tmp/d20201012-48-1yvahnn/opt/openproject/vendor/ruby-2.7.1/lib -Wl,-rpath,/tmp/d20201012-48-1yvahnn/opt/openproject/vendor/ruby-2.7.1/lib -L/usr/lib/x86_64-linux-gnu -Wl,-rpath,/usr/lib/x86_64-linux-gnu -L. -fstack-protector-strong -rdynamic -Wl,-export-dynamic    -lpq  -Wl,-rpath,/tmp/d20201012-48-1yvahnn/opt/openproject/vendor/ruby-2.7.1/lib -lruby-static -lz -lpthread -lrt -lrt -lgmp -ldl -lcrypt -lm  -lpq  -lm   -lc"
checked program was:
/* begin */
 1: #include "ruby.h"
 2: 
 3: /*top*/
 4: extern int t(void);
 5: int main(int argc, char **argv)
 6: {
 7:   if (argc > 1000000) {
 8:     int (* volatile tp)(void)=(int (*)(void))&t;
 9:     printf("%d", (*tp)());
10:   }
11: 
12:   return !!argv[argc];
13: }
14: extern void PQresultVerboseErrorMessage();
15: int t(void) { PQresultVerboseErrorMessage(); return 0; }
/* end */

--------------------

have_func: checking for PQencryptPasswordConn()... -------------------- yes

"gcc -o conftest -I/tmp/d20201012-48-1yvahnn/opt/openproject/vendor/ruby-2.7.1/include/ruby-2.7.0/x86_64-linux -I/tmp/d20201012-48-1yvahnn/opt/openproject/vendor/ruby-2.7.1/include/ruby-2.7.0/ruby/backward -I/tmp/d20201012-48-1yvahnn/opt/openproject/vendor/ruby-2.7.1/include/ruby-2.7.0 -I. -I/usr/include/postgresql    -O3 -g -Wall -Wextra -Wdeprecated-declarations -Wduplicated-cond -Wimplicit-function-declaration -Wimplicit-int -Wmisleading-indentation -Wpointer-arith -Wwrite-strings -Wimplicit-fallthrough=0 -Wmissing-noreturn -Wno-cast-function-type -Wno-constant-logical-operand -Wno-long-long -Wno-missing-field-initializers -Wno-overlength-strings -Wno-packed-bitfield-compat -Wno-parentheses-equality -Wno-self-assign -Wno-tautological-compare -Wno-unused-parameter -Wno-unused-value -Wsuggest-attribute=format -Wsuggest-attribute=noreturn -Wunused-variable conftest.c  -L. -L/tmp/d20201012-48-1yvahnn/opt/openproject/vendor/ruby-2.7.1/lib -Wl,-rpath,/tmp/d20201012-48-1yvahnn/opt/openproject/vendor/ruby-2.7.1/lib -L/usr/lib/x86_64-linux-gnu -Wl,-rpath,/usr/lib/x86_64-linux-gnu -L. -fstack-protector-strong -rdynamic -Wl,-export-dynamic    -lpq  -Wl,-rpath,/tmp/d20201012-48-1yvahnn/opt/openproject/vendor/ruby-2.7.1/lib -lruby-static -lz -lpthread -lrt -lrt -lgmp -ldl -lcrypt -lm  -lpq  -lm   -lc"
conftest.c: In function ‘t’:
conftest.c:14:57: error: ‘PQencryptPasswordConn’ undeclared (first use in this function)
 int t(void) { void ((*volatile p)()); p = (void ((*)()))PQencryptPasswordConn; return !p; }
                                                         ^~~~~~~~~~~~~~~~~~~~~
conftest.c:14:57: note: each undeclared identifier is reported only once for each function it appears in
conftest.c: At top level:
cc1: warning: unrecognized command line option ‘-Wno-self-assign’
cc1: warning: unrecognized command line option ‘-Wno-parentheses-equality’
cc1: warning: unrecognized command line option ‘-Wno-constant-logical-operand’
checked program was:
/* begin */
 1: #include "ruby.h"
 2: 
 3: /*top*/
 4: extern int t(void);
 5: int main(int argc, char **argv)
 6: {
 7:   if (argc > 1000000) {
 8:     int (* volatile tp)(void)=(int (*)(void))&t;
 9:     printf("%d", (*tp)());
10:   }
11: 
12:   return !!argv[argc];
13: }
14: int t(void) { void ((*volatile p)()); p = (void ((*)()))PQencryptPasswordConn; return !p; }
/* end */

"gcc -o conftest -I/tmp/d20201012-48-1yvahnn/opt/openproject/vendor/ruby-2.7.1/include/ruby-2.7.0/x86_64-linux -I/tmp/d20201012-48-1yvahnn/opt/openproject/vendor/ruby-2.7.1/include/ruby-2.7.0/ruby/backward -I/tmp/d20201012-48-1yvahnn/opt/openproject/vendor/ruby-2.7.1/include/ruby-2.7.0 -I. -I/usr/include/postgresql    -O3 -g -Wall -Wextra -Wdeprecated-declarations -Wduplicated-cond -Wimplicit-function-declaration -Wimplicit-int -Wmisleading-indentation -Wpointer-arith -Wwrite-strings -Wimplicit-fallthrough=0 -Wmissing-noreturn -Wno-cast-function-type -Wno-constant-logical-operand -Wno-long-long -Wno-missing-field-initializers -Wno-overlength-strings -Wno-packed-bitfield-compat -Wno-parentheses-equality -Wno-self-assign -Wno-tautological-compare -Wno-unused-parameter -Wno-unused-value -Wsuggest-attribute=format -Wsuggest-attribute=noreturn -Wunused-variable conftest.c  -L. -L/tmp/d20201012-48-1yvahnn/opt/openproject/vendor/ruby-2.7.1/lib -Wl,-rpath,/tmp/d20201012-48-1yvahnn/opt/openproject/vendor/ruby-2.7.1/lib -L/usr/lib/x86_64-linux-gnu -Wl,-rpath,/usr/lib/x86_64-linux-gnu -L. -fstack-protector-strong -rdynamic -Wl,-export-dynamic    -lpq  -Wl,-rpath,/tmp/d20201012-48-1yvahnn/opt/openproject/vendor/ruby-2.7.1/lib -lruby-static -lz -lpthread -lrt -lrt -lgmp -ldl -lcrypt -lm  -lpq  -lm   -lc"
checked program was:
/* begin */
 1: #include "ruby.h"
 2: 
 3: /*top*/
 4: extern int t(void);
 5: int main(int argc, char **argv)
 6: {
 7:   if (argc > 1000000) {
 8:     int (* volatile tp)(void)=(int (*)(void))&t;
 9:     printf("%d", (*tp)());
10:   }
11: 
12:   return !!argv[argc];
13: }
14: extern void PQencryptPasswordConn();
15: int t(void) { PQencryptPasswordConn(); return 0; }
/* end */

--------------------

have_func: checking for PQresultMemorySize()... -------------------- no

"gcc -o conftest -I/tmp/d20201012-48-1yvahnn/opt/openproject/vendor/ruby-2.7.1/include/ruby-2.7.0/x86_64-linux -I/tmp/d20201012-48-1yvahnn/opt/openproject/vendor/ruby-2.7.1/include/ruby-2.7.0/ruby/backward -I/tmp/d20201012-48-1yvahnn/opt/openproject/vendor/ruby-2.7.1/include/ruby-2.7.0 -I. -I/usr/include/postgresql    -O3 -g -Wall -Wextra -Wdeprecated-declarations -Wduplicated-cond -Wimplicit-function-declaration -Wimplicit-int -Wmisleading-indentation -Wpointer-arith -Wwrite-strings -Wimplicit-fallthrough=0 -Wmissing-noreturn -Wno-cast-function-type -Wno-constant-logical-operand -Wno-long-long -Wno-missing-field-initializers -Wno-overlength-strings -Wno-packed-bitfield-compat -Wno-parentheses-equality -Wno-self-assign -Wno-tautological-compare -Wno-unused-parameter -Wno-unused-value -Wsuggest-attribute=format -Wsuggest-attribute=noreturn -Wunused-variable conftest.c  -L. -L/tmp/d20201012-48-1yvahnn/opt/openproject/vendor/ruby-2.7.1/lib -Wl,-rpath,/tmp/d20201012-48-1yvahnn/opt/openproject/vendor/ruby-2.7.1/lib -L/usr/lib/x86_64-linux-gnu -Wl,-rpath,/usr/lib/x86_64-linux-gnu -L. -fstack-protector-strong -rdynamic -Wl,-export-dynamic    -lpq  -Wl,-rpath,/tmp/d20201012-48-1yvahnn/opt/openproject/vendor/ruby-2.7.1/lib -lruby-static -lz -lpthread -lrt -lrt -lgmp -ldl -lcrypt -lm  -lpq  -lm   -lc"
conftest.c: In function ‘t’:
conftest.c:14:57: error: ‘PQresultMemorySize’ undeclared (first use in this function)
 int t(void) { void ((*volatile p)()); p = (void ((*)()))PQresultMemorySize; return !p; }
                                                         ^~~~~~~~~~~~~~~~~~
conftest.c:14:57: note: each undeclared identifier is reported only once for each function it appears in
conftest.c: At top level:
cc1: warning: unrecognized command line option ‘-Wno-self-assign’
cc1: warning: unrecognized command line option ‘-Wno-parentheses-equality’
cc1: warning: unrecognized command line option ‘-Wno-constant-logical-operand’
checked program was:
/* begin */
 1: #include "ruby.h"
 2: 
 3: /*top*/
 4: extern int t(void);
 5: int main(int argc, char **argv)
 6: {
 7:   if (argc > 1000000) {
 8:     int (* volatile tp)(void)=(int (*)(void))&t;
 9:     printf("%d", (*tp)());
10:   }
11: 
12:   return !!argv[argc];
13: }
14: int t(void) { void ((*volatile p)()); p = (void ((*)()))PQresultMemorySize; return !p; }
/* end */

"gcc -o conftest -I/tmp/d20201012-48-1yvahnn/opt/openproject/vendor/ruby-2.7.1/include/ruby-2.7.0/x86_64-linux -I/tmp/d20201012-48-1yvahnn/opt/openproject/vendor/ruby-2.7.1/include/ruby-2.7.0/ruby/backward -I/tmp/d20201012-48-1yvahnn/opt/openproject/vendor/ruby-2.7.1/include/ruby-2.7.0 -I. -I/usr/include/postgresql    -O3 -g -Wall -Wextra -Wdeprecated-declarations -Wduplicated-cond -Wimplicit-function-declaration -Wimplicit-int -Wmisleading-indentation -Wpointer-arith -Wwrite-strings -Wimplicit-fallthrough=0 -Wmissing-noreturn -Wno-cast-function-type -Wno-constant-logical-operand -Wno-long-long -Wno-missing-field-initializers -Wno-overlength-strings -Wno-packed-bitfield-compat -Wno-parentheses-equality -Wno-self-assign -Wno-tautological-compare -Wno-unused-parameter -Wno-unused-value -Wsuggest-attribute=format -Wsuggest-attribute=noreturn -Wunused-variable conftest.c  -L. -L/tmp/d20201012-48-1yvahnn/opt/openproject/vendor/ruby-2.7.1/lib -Wl,-rpath,/tmp/d20201012-48-1yvahnn/opt/openproject/vendor/ruby-2.7.1/lib -L/usr/lib/x86_64-linux-gnu -Wl,-rpath,/usr/lib/x86_64-linux-gnu -L. -fstack-protector-strong -rdynamic -Wl,-export-dynamic    -lpq  -Wl,-rpath,/tmp/d20201012-48-1yvahnn/opt/openproject/vendor/ruby-2.7.1/lib -lruby-static -lz -lpthread -lrt -lrt -lgmp -ldl -lcrypt -lm  -lpq  -lm   -lc"
/usr/bin/ld: /tmp/ccHLzlW4.o: in function `t':
/tmp/d20201012-48-1yvahnn/opt/openproject/vendor/bundle/ruby/2.7.0/gems/pg-1.2.3/ext/conftest.c:15: undefined reference to `PQresultMemorySize'
collect2: error: ld returned 1 exit status
checked program was:
/* begin */
 1: #include "ruby.h"
 2: 
 3: /*top*/
 4: extern int t(void);
 5: int main(int argc, char **argv)
 6: {
 7:   if (argc > 1000000) {
 8:     int (* volatile tp)(void)=(int (*)(void))&t;
 9:     printf("%d", (*tp)());
10:   }
11: 
12:   return !!argv[argc];
13: }
14: extern void PQresultMemorySize();
15: int t(void) { PQresultMemorySize(); return 0; }
/* end */

--------------------

have_func: checking for timegm()... -------------------- yes

"gcc -o conftest -I/tmp/d20201012-48-1yvahnn/opt/openproject/vendor/ruby-2.7.1/include/ruby-2.7.0/x86_64-linux -I/tmp/d20201012-48-1yvahnn/opt/openproject/vendor/ruby-2.7.1/include/ruby-2.7.0/ruby/backward -I/tmp/d20201012-48-1yvahnn/opt/openproject/vendor/ruby-2.7.1/include/ruby-2.7.0 -I. -I/usr/include/postgresql    -O3 -g -Wall -Wextra -Wdeprecated-declarations -Wduplicated-cond -Wimplicit-function-declaration -Wimplicit-int -Wmisleading-indentation -Wpointer-arith -Wwrite-strings -Wimplicit-fallthrough=0 -Wmissing-noreturn -Wno-cast-function-type -Wno-constant-logical-operand -Wno-long-long -Wno-missing-field-initializers -Wno-overlength-strings -Wno-packed-bitfield-compat -Wno-parentheses-equality -Wno-self-assign -Wno-tautological-compare -Wno-unused-parameter -Wno-unused-value -Wsuggest-attribute=format -Wsuggest-attribute=noreturn -Wunused-variable conftest.c  -L. -L/tmp/d20201012-48-1yvahnn/opt/openproject/vendor/ruby-2.7.1/lib -Wl,-rpath,/tmp/d20201012-48-1yvahnn/opt/openproject/vendor/ruby-2.7.1/lib -L/usr/lib/x86_64-linux-gnu -Wl,-rpath,/usr/lib/x86_64-linux-gnu -L. -fstack-protector-strong -rdynamic -Wl,-export-dynamic    -lpq  -Wl,-rpath,/tmp/d20201012-48-1yvahnn/opt/openproject/vendor/ruby-2.7.1/lib -lruby-static -lz -lpthread -lrt -lrt -lgmp -ldl -lcrypt -lm  -lpq  -lm   -lc"
conftest.c: In function ‘t’:
conftest.c:14:57: error: ‘timegm’ undeclared (first use in this function); did you mean ‘time_t’?
 int t(void) { void ((*volatile p)()); p = (void ((*)()))timegm; return !p; }
                                                         ^~~~~~
                                                         time_t
conftest.c:14:57: note: each undeclared identifier is reported only once for each function it appears in
conftest.c: At top level:
cc1: warning: unrecognized command line option ‘-Wno-self-assign’
cc1: warning: unrecognized command line option ‘-Wno-parentheses-equality’
cc1: warning: unrecognized command line option ‘-Wno-constant-logical-operand’
checked program was:
/* begin */
 1: #include "ruby.h"
 2: 
 3: /*top*/
 4: extern int t(void);
 5: int main(int argc, char **argv)
 6: {
 7:   if (argc > 1000000) {
 8:     int (* volatile tp)(void)=(int (*)(void))&t;
 9:     printf("%d", (*tp)());
10:   }
11: 
12:   return !!argv[argc];
13: }
14: int t(void) { void ((*volatile p)()); p = (void ((*)()))timegm; return !p; }
/* end */

"gcc -o conftest -I/tmp/d20201012-48-1yvahnn/opt/openproject/vendor/ruby-2.7.1/include/ruby-2.7.0/x86_64-linux -I/tmp/d20201012-48-1yvahnn/opt/openproject/vendor/ruby-2.7.1/include/ruby-2.7.0/ruby/backward -I/tmp/d20201012-48-1yvahnn/opt/openproject/vendor/ruby-2.7.1/include/ruby-2.7.0 -I. -I/usr/include/postgresql    -O3 -g -Wall -Wextra -Wdeprecated-declarations -Wduplicated-cond -Wimplicit-function-declaration -Wimplicit-int -Wmisleading-indentation -Wpointer-arith -Wwrite-strings -Wimplicit-fallthrough=0 -Wmissing-noreturn -Wno-cast-function-type -Wno-constant-logical-operand -Wno-long-long -Wno-missing-field-initializers -Wno-overlength-strings -Wno-packed-bitfield-compat -Wno-parentheses-equality -Wno-self-assign -Wno-tautological-compare -Wno-unused-parameter -Wno-unused-value -Wsuggest-attribute=format -Wsuggest-attribute=noreturn -Wunused-variable conftest.c  -L. -L/tmp/d20201012-48-1yvahnn/opt/openproject/vendor/ruby-2.7.1/lib -Wl,-rpath,/tmp/d20201012-48-1yvahnn/opt/openproject/vendor/ruby-2.7.1/lib -L/usr/lib/x86_64-linux-gnu -Wl,-rpath,/usr/lib/x86_64-linux-gnu -L. -fstack-protector-strong -rdynamic -Wl,-export-dynamic    -lpq  -Wl,-rpath,/tmp/d20201012-48-1yvahnn/opt/openproject/vendor/ruby-2.7.1/lib -lruby-static -lz -lpthread -lrt -lrt -lgmp -ldl -lcrypt -lm  -lpq  -lm   -lc"
checked program was:
/* begin */
 1: #include "ruby.h"
 2: 
 3: /*top*/
 4: extern int t(void);
 5: int main(int argc, char **argv)
 6: {
 7:   if (argc > 1000000) {
 8:     int (* volatile tp)(void)=(int (*)(void))&t;
 9:     printf("%d", (*tp)());
10:   }
11: 
12:   return !!argv[argc];
13: }
14: extern void timegm();
15: int t(void) { timegm(); return 0; }
/* end */

--------------------

have_func: checking for rb_gc_adjust_memory_usage()... -------------------- yes

"gcc -o conftest -I/tmp/d20201012-48-1yvahnn/opt/openproject/vendor/ruby-2.7.1/include/ruby-2.7.0/x86_64-linux -I/tmp/d20201012-48-1yvahnn/opt/openproject/vendor/ruby-2.7.1/include/ruby-2.7.0/ruby/backward -I/tmp/d20201012-48-1yvahnn/opt/openproject/vendor/ruby-2.7.1/include/ruby-2.7.0 -I. -I/usr/include/postgresql    -O3 -g -Wall -Wextra -Wdeprecated-declarations -Wduplicated-cond -Wimplicit-function-declaration -Wimplicit-int -Wmisleading-indentation -Wpointer-arith -Wwrite-strings -Wimplicit-fallthrough=0 -Wmissing-noreturn -Wno-cast-function-type -Wno-constant-logical-operand -Wno-long-long -Wno-missing-field-initializers -Wno-overlength-strings -Wno-packed-bitfield-compat -Wno-parentheses-equality -Wno-self-assign -Wno-tautological-compare -Wno-unused-parameter -Wno-unused-value -Wsuggest-attribute=format -Wsuggest-attribute=noreturn -Wunused-variable conftest.c  -L. -L/tmp/d20201012-48-1yvahnn/opt/openproject/vendor/ruby-2.7.1/lib -Wl,-rpath,/tmp/d20201012-48-1yvahnn/opt/openproject/vendor/ruby-2.7.1/lib -L/usr/lib/x86_64-linux-gnu -Wl,-rpath,/usr/lib/x86_64-linux-gnu -L. -fstack-protector-strong -rdynamic -Wl,-export-dynamic    -lpq  -Wl,-rpath,/tmp/d20201012-48-1yvahnn/opt/openproject/vendor/ruby-2.7.1/lib -lruby-static -lz -lpthread -lrt -lrt -lgmp -ldl -lcrypt -lm  -lpq  -lm   -lc"
checked program was:
/* begin */
 1: #include "ruby.h"
 2: 
 3: /*top*/
 4: extern int t(void);
 5: int main(int argc, char **argv)
 6: {
 7:   if (argc > 1000000) {
 8:     int (* volatile tp)(void)=(int (*)(void))&t;
 9:     printf("%d", (*tp)());
10:   }
11: 
12:   return !!argv[argc];
13: }
14: int t(void) { void ((*volatile p)()); p = (void ((*)()))rb_gc_adjust_memory_usage; return !p; }
/* end */

--------------------

have_header: checking for unistd.h... -------------------- yes

"gcc -E -I/tmp/d20201012-48-1yvahnn/opt/openproject/vendor/ruby-2.7.1/include/ruby-2.7.0/x86_64-linux -I/tmp/d20201012-48-1yvahnn/opt/openproject/vendor/ruby-2.7.1/include/ruby-2.7.0/ruby/backward -I/tmp/d20201012-48-1yvahnn/opt/openproject/vendor/ruby-2.7.1/include/ruby-2.7.0 -I. -I/usr/include/postgresql    -O3 -g -Wall -Wextra -Wdeprecated-declarations -Wduplicated-cond -Wimplicit-function-declaration -Wimplicit-int -Wmisleading-indentation -Wpointer-arith -Wwrite-strings -Wimplicit-fallthrough=0 -Wmissing-noreturn -Wno-cast-function-type -Wno-constant-logical-operand -Wno-long-long -Wno-missing-field-initializers -Wno-overlength-strings -Wno-packed-bitfield-compat -Wno-parentheses-equality -Wno-self-assign -Wno-tautological-compare -Wno-unused-parameter -Wno-unused-value -Wsuggest-attribute=format -Wsuggest-attribute=noreturn -Wunused-variable  conftest.c -o conftest.i"
checked program was:
/* begin */
1: #include "ruby.h"
2: 
3: #include <unistd.h>
/* end */

--------------------

have_header: checking for inttypes.h... -------------------- yes

"gcc -E -I/tmp/d20201012-48-1yvahnn/opt/openproject/vendor/ruby-2.7.1/include/ruby-2.7.0/x86_64-linux -I/tmp/d20201012-48-1yvahnn/opt/openproject/vendor/ruby-2.7.1/include/ruby-2.7.0/ruby/backward -I/tmp/d20201012-48-1yvahnn/opt/openproject/vendor/ruby-2.7.1/include/ruby-2.7.0 -I. -I/usr/include/postgresql    -O3 -g -Wall -Wextra -Wdeprecated-declarations -Wduplicated-cond -Wimplicit-function-declaration -Wimplicit-int -Wmisleading-indentation -Wpointer-arith -Wwrite-strings -Wimplicit-fallthrough=0 -Wmissing-noreturn -Wno-cast-function-type -Wno-constant-logical-operand -Wno-long-long -Wno-missing-field-initializers -Wno-overlength-strings -Wno-packed-bitfield-compat -Wno-parentheses-equality -Wno-self-assign -Wno-tautological-compare -Wno-unused-parameter -Wno-unused-value -Wsuggest-attribute=format -Wsuggest-attribute=noreturn -Wunused-variable  conftest.c -o conftest.i"
checked program was:
/* begin */
1: #include "ruby.h"
2: 
3: #include <inttypes.h>
/* end */

--------------------

checking for C99 variable length arrays... -------------------- yes

"gcc -I/tmp/d20201012-48-1yvahnn/opt/openproject/vendor/ruby-2.7.1/include/ruby-2.7.0/x86_64-linux -I/tmp/d20201012-48-1yvahnn/opt/openproject/vendor/ruby-2.7.1/include/ruby-2.7.0/ruby/backward -I/tmp/d20201012-48-1yvahnn/opt/openproject/vendor/ruby-2.7.1/include/ruby-2.7.0 -I. -I/usr/include/postgresql    -O3 -g -Wall -Wextra -Wdeprecated-declarations -Wduplicated-cond -Wimplicit-function-declaration -Wimplicit-int -Wmisleading-indentation -Wpointer-arith -Wwrite-strings -Wimplicit-fallthrough=0 -Wmissing-noreturn -Wno-cast-function-type -Wno-constant-logical-operand -Wno-long-long -Wno-missing-field-initializers -Wno-overlength-strings -Wno-packed-bitfield-compat -Wno-parentheses-equality -Wno-self-assign -Wno-tautological-compare -Wno-unused-parameter -Wno-unused-value -Wsuggest-attribute=format -Wsuggest-attribute=noreturn -Wunused-variable   -c conftest.c"
conftest.c: In function ‘test_vla’:
conftest.c:3:27: warning: unused variable ‘vla’ [-Wunused-variable]
 void test_vla(int l){ int vla[l]; }
                           ^~~
conftest.c: At top level:
cc1: warning: unrecognized command line option ‘-Wno-self-assign’
cc1: warning: unrecognized command line option ‘-Wno-parentheses-equality’
cc1: warning: unrecognized command line option ‘-Wno-constant-logical-operand’
checked program was:
/* begin */
1: #include "ruby.h"
2: 
3: void test_vla(int l){ int vla[l]; }
/* end */

--------------------

extconf.h is:
/* begin */
 1: #ifndef EXTCONF_H
 2: #define EXTCONF_H
 3: #define HAVE_PQSETSINGLEROWMODE 1
 4: #define HAVE_PQCONNINFO 1
 5: #define HAVE_PQSSLATTRIBUTE 1
 6: #define HAVE_PQRESULTVERBOSEERRORMESSAGE 1
 7: #define HAVE_PQENCRYPTPASSWORDCONN 1
 8: #define HAVE_TIMEGM 1
 9: #define HAVE_RB_GC_ADJUST_MEMORY_USAGE 1
10: #define HAVE_UNISTD_H 1
11: #define HAVE_INTTYPES_H 1
12: #define HAVE_VARIABLE_LENGTH_ARRAYS 1
13: #endif
/* end */

